#
# There is insufficient memory for the Java Runtime Environment to continue.
# Native memory allocation (mmap) failed to map 268435456 bytes for Failed to commit area from 0x0000000701e00000 to 0x0000000711e00000 of length 268435456.
# Possible reasons:
#   The system is out of physical RAM or swap space
#   The process is running with CompressedOops enabled, and the Java Heap may be blocking the growth of the native heap
# Possible solutions:
#   Reduce memory load on the system
#   Increase physical memory or swap space
#   Check if swap backing store is full
#   Decrease Java heap size (-Xmx/-Xms)
#   Decrease number of Java threads
#   Decrease Java thread stack sizes (-Xss)
#   Set larger code cache with -XX:ReservedCodeCacheSize=
# This output file may be truncated or incomplete.
#
#  Out of Memory Error (./src/hotspot/os/windows/os_windows.cpp:3303), pid=30860, tid=31292
#
# JRE version:  (11.0.7+10) (build )
# Java VM: OpenJDK 64-Bit Server VM (11.0.7+10-b765.53, mixed mode, sharing, tiered, compressed oops, g1 gc, windows-amd64)
# No core dump will be written. Minidumps are not enabled by default on client versions of Windows
#

---------------  S U M M A R Y ------------

Command Line: org.jetbrains.git4idea.http.GitAskPassApp Username for 'https://github.com': 

Host: Intel(R) Core(TM) i5-8300H CPU @ 2.30GHz, 8 cores, 15G,  Windows 10 , 64 bit Build 18362 (10.0.18362.1110)
Time: Wed Dec 16 19:54:52 2020 ?D1ú±ê×?ê±?? elapsed time: 0 seconds (0d 0h 0m 0s)

---------------  T H R E A D  ---------------

Current thread (0x000001798a57f000):  JavaThread "Unknown thread" [_thread_in_vm, id=31292, stack(0x0000001509100000,0x0000001509200000)]

Stack: [0x0000001509100000,0x0000001509200000]
Native frames: (J=compiled Java code, j=interpreted, Vv=VM code, C=native code)
V  [jvm.dll+0x5dda4a]
V  [jvm.dll+0x711595]
V  [jvm.dll+0x712aed]
V  [jvm.dll+0x7131a3]
V  [jvm.dll+0x23e368]
V  [jvm.dll+0x5daf04]
V  [jvm.dll+0x5d0085]
V  [jvm.dll+0x2fb0cb]
V  [jvm.dll+0x2fb03a]
V  [jvm.dll+0x2faf12]
V  [jvm.dll+0x2ffdf6]
V  [jvm.dll+0x348393]
V  [jvm.dll+0x348a96]
V  [jvm.dll+0x348493]
V  [jvm.dll+0x2d59e8]
V  [jvm.dll+0x2d6b87]
V  [jvm.dll+0x6f04e7]
V  [jvm.dll+0x6f1cdc]
V  [jvm.dll+0x355909]
V  [jvm.dll+0x6d42ae]
V  [jvm.dll+0x3bda13]
V  [jvm.dll+0x3bfc51]
C  [jli.dll+0x5363]
C  [ucrtbase.dll+0x210b2]
C  [KERNEL32.DLL+0x17c24]
C  [ntdll.dll+0x6d4d1]


---------------  P R O C E S S  ---------------

Threads class SMR info:
_java_thread_list=0x0000017988425690, length=0, elements={
}

Java Threads: ( => current thread )

Other Threads:
  0x000001798a596800 GCTaskThread "GC Thread#0" [stack: 0x0000001509200000,0x0000001509300000] [id=18732]
  0x000001798a5f7000 ConcurrentGCThread "G1 Main Marker" [stack: 0x0000001509300000,0x0000001509400000] [id=7952]
  0x000001798a5f8000 ConcurrentGCThread "G1 Conc#0" [stack: 0x0000001509400000,0x0000001509500000] [id=25912]

[error occurred during error reporting (printing all threads), id 0xc0000005, EXCEPTION_ACCESS_VIOLATION (0xc0000005) at pc=0x00007ffc57235fc7]

VM state:not at safepoint (not fully initialized)

VM Mutex/Monitor currently owned by a thread:  ([mutex/lock_event])
[0x000001798a57d6a0] Heap_lock - owner thread: 0x000001798a57f000

Heap address: 0x0000000701e00000, size: 4066 MB, Compressed Oops mode: Non-zero based: 0x0000000701e00000
Narrow klass base: 0x0000000000000000, Narrow klass shift: 0

GC Heap History (0 events):
No events

Deoptimization events (0 events):
No events

Classes redefined (0 events):
No events

Internal exceptions (0 events):
No events

Events (2 events):
Event: 0.013 Loaded shared library E:\idear\IntelliJ IDEA 2020.1.2\jbr\bin\zip.dll
Event: 0.013 Loaded shared library E:\idear\IntelliJ IDEA 2020.1.2\jbr\bin\jimage.dll


Dynamic libraries:
0x00007ff661e60000 - 0x00007ff661e6a000 	E:\idear\IntelliJ IDEA 2020.1.2\jbr\bin\java.exe
0x00007ffcb66e0000 - 0x00007ffcb68d0000 	C:\WINDOWS\SYSTEM32\ntdll.dll
0x00007ffcb4cd0000 - 0x00007ffcb4d82000 	C:\WINDOWS\System32\KERNEL32.DLL
0x00007ffcb3eb0000 - 0x00007ffcb4155000 	C:\WINDOWS\System32\KERNELBASE.dll
0x00007ffcb4190000 - 0x00007ffcb428a000 	C:\WINDOWS\System32\ucrtbase.dll
0x00007ffca5a90000 - 0x00007ffca5aa9000 	E:\idear\IntelliJ IDEA 2020.1.2\jbr\bin\jli.dll
0x00007ffcaa140000 - 0x00007ffcaa157000 	E:\idear\IntelliJ IDEA 2020.1.2\jbr\bin\VCRUNTIME140.dll
0x00007ffcb6500000 - 0x00007ffcb6694000 	C:\WINDOWS\System32\USER32.dll
0x00007ffcb4290000 - 0x00007ffcb42b1000 	C:\WINDOWS\System32\win32u.dll
0x00007ffcb6100000 - 0x00007ffcb6126000 	C:\WINDOWS\System32\GDI32.dll
0x00007ffcb4420000 - 0x00007ffcb45b6000 	C:\WINDOWS\System32\gdi32full.dll
0x00007ffcb3680000 - 0x00007ffcb371e000 	C:\WINDOWS\System32\msvcp_win.dll
0x00007ffca0c80000 - 0x00007ffca0f04000 	C:\WINDOWS\WinSxS\amd64_microsoft.windows.common-controls_6595b64144ccf1df_6.0.18362.1198_none_9e820b57e45ad92f\COMCTL32.dll
0x00007ffcb63b0000 - 0x00007ffcb644e000 	C:\WINDOWS\System32\msvcrt.dll
0x00007ffcb4990000 - 0x00007ffcb4cc5000 	C:\WINDOWS\System32\combase.dll
0x00007ffcb4e70000 - 0x00007ffcb4f90000 	C:\WINDOWS\System32\RPCRT4.dll
0x00007ffcb4710000 - 0x00007ffcb4790000 	C:\WINDOWS\System32\bcryptPrimitives.dll
0x00007ffcb4810000 - 0x00007ffcb483e000 	C:\WINDOWS\System32\IMM32.DLL
0x00007ffc86b70000 - 0x00007ffc86c0d000 	E:\idear\IntelliJ IDEA 2020.1.2\jbr\bin\msvcp140.dll
0x00007ffc56f50000 - 0x00007ffc57a0b000 	E:\idear\IntelliJ IDEA 2020.1.2\jbr\bin\server\jvm.dll
0x00007ffcb6450000 - 0x00007ffcb64f3000 	C:\WINDOWS\System32\ADVAPI32.dll
0x00007ffcb50d0000 - 0x00007ffcb5167000 	C:\WINDOWS\System32\sechost.dll
0x00007ffcb4e60000 - 0x00007ffcb4e68000 	C:\WINDOWS\System32\PSAPI.DLL
0x00007ffcad160000 - 0x00007ffcad169000 	C:\WINDOWS\SYSTEM32\WSOCK32.dll
0x00007ffcb0e40000 - 0x00007ffcb0e64000 	C:\WINDOWS\SYSTEM32\WINMM.dll
0x00007ffcab890000 - 0x00007ffcab89a000 	C:\WINDOWS\SYSTEM32\VERSION.dll
0x00007ffcb5a00000 - 0x00007ffcb5a6f000 	C:\WINDOWS\System32\WS2_32.dll
0x00007ffcb0e10000 - 0x00007ffcb0e3d000 	C:\WINDOWS\SYSTEM32\winmmbase.dll
0x00007ffcb42c0000 - 0x00007ffcb430a000 	C:\WINDOWS\System32\cfgmgr32.dll
0x00007ffcb35f0000 - 0x00007ffcb3601000 	C:\WINDOWS\System32\kernel.appcore.dll
0x00007ffca8910000 - 0x00007ffca8921000 	E:\idear\IntelliJ IDEA 2020.1.2\jbr\bin\verify.dll
0x00007ffcb1720000 - 0x00007ffcb1914000 	C:\WINDOWS\SYSTEM32\DBGHELP.DLL
0x00007ffc9e1e0000 - 0x00007ffc9e20a000 	C:\WINDOWS\SYSTEM32\dbgcore.DLL
0x00007ffca6e90000 - 0x00007ffca6eb9000 	E:\idear\IntelliJ IDEA 2020.1.2\jbr\bin\java.dll
0x00007ffca5a10000 - 0x00007ffca5a28000 	E:\idear\IntelliJ IDEA 2020.1.2\jbr\bin\zip.dll
0x00007ffcac1c0000 - 0x00007ffcac1cb000 	E:\idear\IntelliJ IDEA 2020.1.2\jbr\bin\jimage.dll

dbghelp: loaded successfully - version: 4.0.5 - missing functions: none
symbol engine: initialized successfully - sym options: 0x614 - pdb path: .;E:\idear\IntelliJ IDEA 2020.1.2\jbr\bin;C:\WINDOWS\SYSTEM32;C:\WINDOWS\WinSxS\amd64_microsoft.windows.common-controls_6595b64144ccf1df_6.0.18362.1198_none_9e820b57e45ad92f;E:\idear\IntelliJ IDEA 2020.1.2\jbr\bin\server

VM Arguments:
java_command: org.jetbrains.git4idea.http.GitAskPassApp Username for 'https://github.com': 
java_class_path (initial): E:/idear/IntelliJ IDEA 2020.1.2/plugins/git4idea/lib/git4idea-rt.jar;E:/idear/IntelliJ IDEA 2020.1.2/lib/xmlrpc-2.0.1.jar;E:/idear/IntelliJ IDEA 2020.1.2/lib/commons-codec-1.14.jar;E:/idear/IntelliJ IDEA 2020.1.2/lib/util.jar
Launcher Type: SUN_STANDARD

[Global flags]
     intx CICompilerCount                          = 4                                         {product} {ergonomic}
     uint ConcGCThreads                            = 2                                         {product} {ergonomic}
     uint G1ConcRefinementThreads                  = 8                                         {product} {ergonomic}
   size_t G1HeapRegionSize                         = 1048576                                   {product} {ergonomic}
    uintx GCDrainStackTargetSize                   = 64                                        {product} {ergonomic}
   size_t InitialHeapSize                          = 268435456                                 {product} {ergonomic}
   size_t MarkStackSize                            = 4194304                                   {product} {ergonomic}
   size_t MaxHeapSize                              = 4263510016                                {product} {ergonomic}
   size_t MinHeapDeltaBytes                        = 1048576                                   {product} {ergonomic}
    uintx NonNMethodCodeHeapSize                   = 5836300                                {pd product} {ergonomic}
    uintx NonProfiledCodeHeapSize                  = 122910970                              {pd product} {ergonomic}
    uintx ProfiledCodeHeapSize                     = 122910970                              {pd product} {ergonomic}
    uintx ReservedCodeCacheSize                    = 251658240                              {pd product} {ergonomic}
     bool SegmentedCodeCache                       = true                                      {product} {ergonomic}
     bool UseCompressedClassPointers               = true                                 {lp64_product} {ergonomic}
     bool UseCompressedOops                        = true                                 {lp64_product} {ergonomic}
     bool UseG1GC                                  = true                                      {product} {ergonomic}
     bool UseLargePagesIndividualAllocation        = false                                  {pd product} {ergonomic}

Logging:
Log output configuration:
 #0: stdout all=warning uptime,level,tags
 #1: stderr all=off uptime,level,tags

Environment Variables:
JAVA_HOME=D:\Eclipse\jdk1.8.0_121
CLASSPATH=D:\Eclipse\jdk1.8.0_121\lib\tools.jar;D:\Eclipse\jdk1.8.0_121\lib\dt.jar;.
PATH=E:/Git-/mingw64/libexec/git-core;E:/Git-/mingw64/libexec/git-core;E:\Git-\mingw64\bin;E:\Git-\usr\bin;C:\Users\王海兴\bin;D:\Eclipse\jdk1.8.0_121\bin;C:\Windows\system32;C:\Windows;C:\Windows\System32\Wbem;C:\Windows\System32\WindowsPowerShell\v1.0\;C:\Windows\System32\OpenSSH\;C:\Program Files (x86)\NVIDIA Corporation\PhysX\Common;C:\Program Files\NVIDIA Corporation\NVIDIA NvDLISR;C:\WINDOWS\system32;C:\WINDOWS;C:\WINDOWS\System32\Wbem;C:\WINDOWS\System32\WindowsPowerShell\v1.0\;C:\WINDOWS\System32\OpenSSH\;C:\Program Files\Microsoft\Web Platform Installer\;C:\Program Files (x86)\Microsoft ASP.NET\ASP.NET Web Pages\v1.0\;C:\Program Files\Microsoft SQL Server\110\Tools\Binn\;C:\Program Files (x86)\Windows Kits\8.0\Windows Performance Toolkit\;C:\Program Files (x86)\Microsoft SQL Server\100\Tools\Binn\;C:\Program Files (x86)\Microsoft SQL Server\100\DTS\Binn\;C:\Program Files (x86)\Microsoft SQL Server\100\Tools\Binn\VSShell\Common7\IDE\;C:\Program Files (x86)\Microsoft Visual Studio 9.0\Common7\IDE\PrivateAssemblies\;C:\Program Files\MySQL\MySQL Server 5.5\bin;E:\Git-\cmd;D:\node-v14.2.0-x64\node-v\;C:\jdk1.8.0_191\bin;C:\Users\王海兴\AppData\Local\Microsoft\WindowsApps;D:\apache-maven-3.6.3\bin;C:\Users\王海兴\AppData\Roaming\npm
USERNAME=王海兴
DISPLAY=:0.0
OS=Windows_NT
PROCESSOR_IDENTIFIER=Intel64 Family 6 Model 158 Stepping 10, GenuineIntel



---------------  S Y S T E M  ---------------

OS: Windows 10 , 64 bit Build 18362 (10.0.18362.1110)
OS uptime: 7 days 7:14 hours

CPU:total 8 (initial active 8) (4 cores per cpu, 2 threads per core) family 6 model 158 stepping 10, cmov, cx8, fxsr, mmx, sse, sse2, sse3, ssse3, sse4.1, sse4.2, popcnt, avx, avx2, aes, clmul, erms, 3dnowpref, lzcnt, ht, tsc, tscinvbit, bmi1, bmi2, adx, fma

Memory: 4k page, system-wide physical 16258M (4186M free)
TotalPageFile size 17058M (AvailPageFile size 31M)
current process WorkingSet (physical memory assigned to process): 10M, peak: 10M
current process commit charge ("private bytes"): 60M, peak: 316M

vm_info: OpenJDK 64-Bit Server VM (11.0.7+10-b765.53) for windows-amd64 JRE (11.0.7+10-b765.53), built on May 12 2020 04:38:25 by "" with MS VC++ 14.0 (VS2015)

END.
